<?xml version="1.0" encoding="UTF-8"?>
<!-- Generated by org.testng.reporters.JUnitReportReporter -->
<testsuite hostname="DESKTOP-RHAVO5R" failures="0" tests="11" name="com.stc.runner.CucumberRunnerClass" time="73.129" errors="0" timestamp="2023-09-22T03:19:02 IST" skipped="0">
  <testcase classname="com.stc.runner.CucumberRunnerClass" name="runScenario" time="6.757"/>
  <testcase classname="com.stc.runner.CucumberRunnerClass" name="runScenario" time="0.354"/>
  <testcase classname="com.stc.runner.CucumberRunnerClass" name="runScenario" time="9.001"/>
  <testcase classname="com.stc.runner.CucumberRunnerClass" name="runScenario" time="6.239"/>
  <testcase classname="com.stc.runner.CucumberRunnerClass" name="runScenario" time="7.199"/>
  <testcase classname="com.stc.runner.CucumberRunnerClass" name="runScenario" time="6.985"/>
  <testcase classname="com.stc.runner.CucumberRunnerClass" name="runScenario" time="6.442"/>
  <testcase classname="com.stc.runner.CucumberRunnerClass" name="runScenario" time="6.812"/>
  <testcase classname="com.stc.runner.CucumberRunnerClass" name="runScenario" time="6.445"/>
  <testcase classname="com.stc.runner.CucumberRunnerClass" name="runScenario" time="13.318"/>
  <testcase classname="com.stc.runner.CucumberRunnerClass" name="runScenario" time="3.577"/>
</testsuite> <!-- com.stc.runner.CucumberRunnerClass -->
