<?xml version="1.0" encoding="UTF-8"?>
<!-- Generated by org.testng.reporters.JUnitReportReporter -->
<testsuite hostname="DESKTOP-RHAVO5R" failures="0" tests="1" name="com.stc.AppTest" time="0.019" errors="0" timestamp="2023-09-21T17:23:10 IST" skipped="0">
  <testcase classname="com.stc.AppTest" name="shouldAnswerWithTrue" time="0.019"/>
</testsuite> <!-- com.stc.AppTest -->
